<?xml version="1.0" encoding="UTF-8"?>
<testng-results ignored="0" total="3" passed="3" failed="0" skipped="0">
  <reporter-output>
  </reporter-output>
  <suite started-at="2022-10-11T14:23:04 IST" name="Default suite" finished-at="2022-10-11T14:24:28 IST" duration-ms="84223">
    <groups>
    </groups>
    <test started-at="2022-10-11T14:23:04 IST" name="Default test" finished-at="2022-10-11T14:24:28 IST" duration-ms="84223">
      <class name="testng.Demo">
        <test-method signature="tc1(java.lang.String,java.lang.String)[pri:0, instance:testng.Demo@3738449f]" started-at="2022-10-11T14:23:04 IST" name="tc1" data-provider="getData" finished-at="2022-10-11T14:23:39 IST" duration-ms="34467" status="PASS">
          <params>
            <param index="0">
              <value>
                <![CDATA[123466789]]>
              </value>
            </param>
            <param index="1">
              <value>
                <![CDATA[562526662]]>
              </value>
            </param>
          </params>
          <reporter-output>
          </reporter-output>
        </test-method> <!-- tc1 -->
        <test-method signature="tc1(java.lang.String,java.lang.String)[pri:0, instance:testng.Demo@3738449f]" started-at="2022-10-11T14:23:39 IST" name="tc1" data-provider="getData" finished-at="2022-10-11T14:24:00 IST" duration-ms="21623" status="PASS">
          <params>
            <param index="0">
              <value>
                <![CDATA[admin]]>
              </value>
            </param>
            <param index="1">
              <value>
                <![CDATA[manager]]>
              </value>
            </param>
          </params>
          <reporter-output>
          </reporter-output>
        </test-method> <!-- tc1 -->
        <test-method signature="tc1(java.lang.String,java.lang.String)[pri:0, instance:testng.Demo@3738449f]" started-at="2022-10-11T14:24:00 IST" name="tc1" data-provider="getData" finished-at="2022-10-11T14:24:28 IST" duration-ms="28030" status="PASS">
          <params>
            <param index="0">
              <value>
                <![CDATA[sfd16763%^^]]>
              </value>
            </param>
            <param index="1">
              <value>
                <![CDATA[3434df@f$df%]]>
              </value>
            </param>
          </params>
          <reporter-output>
          </reporter-output>
        </test-method> <!-- tc1 -->
      </class> <!-- testng.Demo -->
    </test> <!-- Default test -->
  </suite> <!-- Default suite -->
</testng-results>
